\BOOKMARK [0][-]{chapter.1}{\376\377\0001\000\040\000L\000i\000n\000e\000a\000r\000\040\000r\000h\000e\000o\000l\000o\000g\000y\000\040\000o\000f\000\040\000l\000i\000n\000e\000a\000r\000\040\000p\000o\000l\000y\000d\000i\000s\000p\000e\000r\000s\000e\000\040\000p\000o\000l\000y\000m\000e\000r\000s}{}% 1
\BOOKMARK [1][-]{section.1.1}{\376\377\0001\000.\0001\000\040\000I\000n\000t\000r\000o\000d\000u\000c\000t\000i\000o\000n}{chapter.1}% 2
\BOOKMARK [1][-]{section.1.2}{\376\377\0001\000.\0002\000\040\000U\000s\000a\000g\000e}{chapter.1}% 3
\BOOKMARK [1][-]{section.1.3}{\376\377\0001\000.\0003\000\040\000I\000n\000p\000u\000t\000\040\000f\000i\000l\000e\000s}{chapter.1}% 4
\BOOKMARK [2][-]{subsection.1.3.1}{\376\377\0001\000.\0003\000.\0001\000\040\000M\000a\000t\000e\000r\000i\000a\000l\000\040\000i\000n\000p\000u\000t\000\040\000f\000i\000l\000e}{section.1.3}% 5
\BOOKMARK [2][-]{subsection.1.3.2}{\376\377\0001\000.\0003\000.\0002\000\040\000R\000e\000s\000o\000u\000r\000c\000e\000\040\000f\000i\000l\000e}{section.1.3}% 6
\BOOKMARK [1][-]{section.1.4}{\376\377\0001\000.\0004\000\040\000O\000u\000t\000p\000u\000t\000\040\000f\000i\000l\000e\000s}{chapter.1}% 7
\BOOKMARK [2][-]{subsection.1.4.1}{\376\377\0001\000.\0004\000.\0001\000\040\000R\000e\000l\000a\000x\000a\000t\000i\000o\000n\000\040\000s\000p\000e\000c\000t\000r\000a\000\040\000o\000u\000t\000p\000u\000t\000s}{section.1.4}% 8
\BOOKMARK [2][-]{subsection.1.4.2}{\376\377\0001\000.\0004\000.\0002\000\040\000T\000i\000m\000e\000\040\000r\000e\000l\000a\000x\000a\000t\000i\000o\000n}{section.1.4}% 9
\BOOKMARK [2][-]{subsection.1.4.3}{\376\377\0001\000.\0004\000.\0003\000\040\000T\000u\000b\000e\000\040\000d\000i\000a\000m\000e\000t\000e\000r\000s}{section.1.4}% 10
\BOOKMARK [2][-]{subsection.1.4.4}{\376\377\0001\000.\0004\000.\0004\000\040\000T\000e\000r\000m\000i\000n\000a\000l\000\040\000r\000e\000l\000a\000x\000a\000t\000i\000o\000n\000\040\000p\000a\000t\000h\000w\000a\000y\000s}{section.1.4}% 11
\BOOKMARK [2][-]{subsection.1.4.5}{\376\377\0001\000.\0004\000.\0005\000\040\000L\000o\000g\000\040\000f\000i\000l\000e}{section.1.4}% 12
\BOOKMARK [0][-]{chapter.2}{\376\377\0002\000\040\000N\000a\000m\000e\000s\000p\000a\000c\000e\000\040\000I\000n\000d\000e\000x}{}% 13
\BOOKMARK [1][-]{section.2.1}{\376\377\0002\000.\0001\000\040\000N\000a\000m\000e\000s\000p\000a\000c\000e\000\040\000L\000i\000s\000t}{chapter.2}% 14
\BOOKMARK [0][-]{chapter.3}{\376\377\0003\000\040\000C\000l\000a\000s\000s\000\040\000I\000n\000d\000e\000x}{}% 15
\BOOKMARK [1][-]{section.3.1}{\376\377\0003\000.\0001\000\040\000C\000l\000a\000s\000s\000\040\000L\000i\000s\000t}{chapter.3}% 16
\BOOKMARK [0][-]{chapter.4}{\376\377\0004\000\040\000F\000i\000l\000e\000\040\000I\000n\000d\000e\000x}{}% 17
\BOOKMARK [1][-]{section.4.1}{\376\377\0004\000.\0001\000\040\000F\000i\000l\000e\000\040\000L\000i\000s\000t}{chapter.4}% 18
\BOOKMARK [0][-]{chapter.5}{\376\377\0005\000\040\000N\000a\000m\000e\000s\000p\000a\000c\000e\000\040\000D\000o\000c\000u\000m\000e\000n\000t\000a\000t\000i\000o\000n}{}% 19
\BOOKMARK [1][-]{section.5.1}{\376\377\0005\000.\0001\000\040\000L\000P\0002\000R\000\137\000N\000S\000\040\000N\000a\000m\000e\000s\000p\000a\000c\000e\000\040\000R\000e\000f\000e\000r\000e\000n\000c\000e}{chapter.5}% 20
\BOOKMARK [2][-]{subsection.5.1.1}{\376\377\0005\000.\0001\000.\0001\000\040\000D\000e\000t\000a\000i\000l\000e\000d\000\040\000D\000e\000s\000c\000r\000i\000p\000t\000i\000o\000n}{section.5.1}% 21
\BOOKMARK [2][-]{subsection.5.1.2}{\376\377\0005\000.\0001\000.\0002\000\040\000V\000a\000r\000i\000a\000b\000l\000e\000\040\000D\000o\000c\000u\000m\000e\000n\000t\000a\000t\000i\000o\000n}{section.5.1}% 22
\BOOKMARK [3][-]{subsubsection.5.1.2.1}{\376\377\0005\000.\0001\000.\0002\000.\0001\000\040\000A\000\137\000e\000q}{subsection.5.1.2}% 23
\BOOKMARK [3][-]{subsubsection.5.1.2.2}{\376\377\0005\000.\0001\000.\0002\000.\0002\000\040\000A\000b\000o\000v\000e\000T\000a\000u\000E\000F\000i\000r\000s\000t}{subsection.5.1.2}% 24
\BOOKMARK [3][-]{subsubsection.5.1.2.3}{\376\377\0005\000.\0001\000.\0002\000.\0003\000\040\000A\000d\000d\000\137\000h\000e\000a\000d\000e\000r}{subsection.5.1.2}% 25
\BOOKMARK [3][-]{subsubsection.5.1.2.4}{\376\377\0005\000.\0001\000.\0002\000.\0004\000\040\000A\000l\000p\000h\000a}{subsection.5.1.2}% 26
\BOOKMARK [3][-]{subsubsection.5.1.2.5}{\376\377\0005\000.\0001\000.\0002\000.\0005\000\040\000B\000\137\000e\000q}{subsection.5.1.2}% 27
\BOOKMARK [3][-]{subsubsection.5.1.2.6}{\376\377\0005\000.\0001\000.\0002\000.\0006\000\040\000B\000\137\000z\000e\000t\000a}{subsection.5.1.2}% 28
\BOOKMARK [3][-]{subsubsection.5.1.2.7}{\376\377\0005\000.\0001\000.\0002\000.\0007\000\040\000b\000e\000t\000a\000\137\000g\000l\000a\000s\000s}{subsection.5.1.2}% 29
\BOOKMARK [3][-]{subsubsection.5.1.2.8}{\376\377\0005\000.\0001\000.\0002\000.\0008\000\040\000C\000a\000l\000c\000D\000i\000e\000l\000e\000c\000t\000r\000i\000c}{subsection.5.1.2}% 30
\BOOKMARK [3][-]{subsubsection.5.1.2.9}{\376\377\0005\000.\0001\000.\0002\000.\0009\000\040\000C\000S\000V\000d\000e\000l\000i\000m\000i\000t\000e\000r}{subsection.5.1.2}% 31
\BOOKMARK [3][-]{subsubsection.5.1.2.10}{\376\377\0005\000.\0001\000.\0002\000.\0001\0000\000\040\000c\000u\000r\000\137\000t\000i\000m\000e}{subsection.5.1.2}% 32
\BOOKMARK [3][-]{subsubsection.5.1.2.11}{\376\377\0005\000.\0001\000.\0002\000.\0001\0001\000\040\000d\000e\000l\000t\000a\000C\000R}{subsection.5.1.2}% 33
\BOOKMARK [3][-]{subsubsection.5.1.2.12}{\376\377\0005\000.\0001\000.\0002\000.\0001\0002\000\040\000D\000i\000R\000e\000l\000S\000p\000e\000c\000F\000N\000M}{subsection.5.1.2}% 34
\BOOKMARK [3][-]{subsubsection.5.1.2.13}{\376\377\0005\000.\0001\000.\0002\000.\0001\0003\000\040\000D\000i\000s\000e\000n\000t\000a\000n\000g\000l\000e\000m\000e\000n\000t\000\137\000S\000w\000i\000t\000c\000h}{subsection.5.1.2}% 35
\BOOKMARK [3][-]{subsubsection.5.1.2.14}{\376\377\0005\000.\0001\000.\0002\000.\0001\0004\000\040\000D\000t\000M\000u\000l\000t}{subsection.5.1.2}% 36
\BOOKMARK [3][-]{subsubsection.5.1.2.15}{\376\377\0005\000.\0001\000.\0002\000.\0001\0005\000\040\000E\000n\000t\000a\000n\000g\000l\000e\000d\000\137\000D\000y\000n\000a\000m\000i\000c\000s}{subsection.5.1.2}% 37
\BOOKMARK [3][-]{subsubsection.5.1.2.16}{\376\377\0005\000.\0001\000.\0002\000.\0001\0006\000\040\000f\000\137\000L\000o\000g}{subsection.5.1.2}% 38
\BOOKMARK [3][-]{subsubsection.5.1.2.17}{\376\377\0005\000.\0001\000.\0002\000.\0001\0007\000\040\000f\000\137\000p\000h\000i}{subsection.5.1.2}% 39
\BOOKMARK [3][-]{subsubsection.5.1.2.18}{\376\377\0005\000.\0001\000.\0002\000.\0001\0008\000\040\000f\000\137\000t\000r\000e\000l\000a\000x}{subsection.5.1.2}% 40
\BOOKMARK [3][-]{subsubsection.5.1.2.19}{\376\377\0005\000.\0001\000.\0002\000.\0001\0009\000\040\000F\000r\000e\000q\000M\000a\000x}{subsection.5.1.2}% 41
\BOOKMARK [3][-]{subsubsection.5.1.2.20}{\376\377\0005\000.\0001\000.\0002\000.\0002\0000\000\040\000F\000r\000e\000q\000M\000i\000n}{subsection.5.1.2}% 42
\BOOKMARK [3][-]{subsubsection.5.1.2.21}{\376\377\0005\000.\0001\000.\0002\000.\0002\0001\000\040\000F\000r\000e\000q\000R\000a\000t\000i\000o}{subsection.5.1.2}% 43
\BOOKMARK [3][-]{subsubsection.5.1.2.22}{\376\377\0005\000.\0001\000.\0002\000.\0002\0002\000\040\000G\000\137\0000}{subsection.5.1.2}% 44
\BOOKMARK [3][-]{subsubsection.5.1.2.23}{\376\377\0005\000.\0001\000.\0002\000.\0002\0003\000\040\000G\000\137\000g\000l\000a\000s\000s}{subsection.5.1.2}% 45
\BOOKMARK [3][-]{subsubsection.5.1.2.24}{\376\377\0005\000.\0001\000.\0002\000.\0002\0004\000\040\000G\000e\000n\000L\000o\000g\000F\000L}{subsection.5.1.2}% 46
\BOOKMARK [3][-]{subsubsection.5.1.2.25}{\376\377\0005\000.\0001\000.\0002\000.\0002\0005\000\040\000h\000a\000s\000\137\000c\000h\000e\000m}{subsection.5.1.2}% 47
\BOOKMARK [3][-]{subsubsection.5.1.2.26}{\376\377\0005\000.\0001\000.\0002\000.\0002\0006\000\040\000h\000a\000s\000\137\000l\000a\000b\000e\000l}{subsection.5.1.2}% 48
\BOOKMARK [3][-]{subsubsection.5.1.2.27}{\376\377\0005\000.\0001\000.\0002\000.\0002\0007\000\040\000h\000a\000s\000\137\000o\000r\000i\000g\000i\000n}{subsection.5.1.2}% 49
\BOOKMARK [3][-]{subsubsection.5.1.2.28}{\376\377\0005\000.\0001\000.\0002\000.\0002\0008\000\040\000h\000a\000s\000\137\000t\000e\000m\000p}{subsection.5.1.2}% 50
\BOOKMARK [3][-]{subsubsection.5.1.2.29}{\376\377\0005\000.\0001\000.\0002\000.\0002\0009\000\040\000i\000n\000p\000F\000N\000M}{subsection.5.1.2}% 51
\BOOKMARK [3][-]{subsubsection.5.1.2.30}{\376\377\0005\000.\0001\000.\0002\000.\0003\0000\000\040\000L\000a\000s\000t\000R\000e\000p\000t\000a\000t\000i\000o\000n\000T\000i\000m\000e}{subsection.5.1.2}% 52
\BOOKMARK [3][-]{subsubsection.5.1.2.31}{\376\377\0005\000.\0001\000.\0002\000.\0003\0001\000\040\000L\000a\000s\000t\000R\000e\000p\000t\000Z}{subsection.5.1.2}% 53
\BOOKMARK [3][-]{subsubsection.5.1.2.32}{\376\377\0005\000.\0001\000.\0002\000.\0003\0002\000\040\000L\000o\000g\000\137\000D\000t\000M\000u\000l\000t}{subsection.5.1.2}% 54
\BOOKMARK [3][-]{subsubsection.5.1.2.33}{\376\377\0005\000.\0001\000.\0002\000.\0003\0003\000\040\000L\000P\000o\000l\000y}{subsection.5.1.2}% 55
\BOOKMARK [3][-]{subsubsection.5.1.2.34}{\376\377\0005\000.\0001\000.\0002\000.\0003\0004\000\040\000M\000\137\000e}{subsection.5.1.2}% 56
\BOOKMARK [3][-]{subsubsection.5.1.2.35}{\376\377\0005\000.\0001\000.\0002\000.\0003\0005\000\040\000M\000\137\000K\000u\000h\000n}{subsection.5.1.2}% 57
\BOOKMARK [3][-]{subsubsection.5.1.2.36}{\376\377\0005\000.\0001\000.\0002\000.\0003\0006\000\040\000M\000e\000c\000h\000R\000e\000l\000F\000N\000M}{subsection.5.1.2}% 58
\BOOKMARK [3][-]{subsubsection.5.1.2.37}{\376\377\0005\000.\0001\000.\0002\000.\0003\0007\000\040\000M\000e\000c\000h\000R\000e\000l\000S\000p\000e\000c\000F\000N\000M}{subsection.5.1.2}% 59
\BOOKMARK [3][-]{subsubsection.5.1.2.38}{\376\377\0005\000.\0001\000.\0002\000.\0003\0008\000\040\000N\000\137\000e}{subsection.5.1.2}% 60
\BOOKMARK [3][-]{subsubsection.5.1.2.39}{\376\377\0005\000.\0001\000.\0002\000.\0003\0009\000\040\000n\000p\000o\000l\000y}{subsection.5.1.2}% 61
\BOOKMARK [3][-]{subsubsection.5.1.2.40}{\376\377\0005\000.\0001\000.\0002\000.\0004\0000\000\040\000O\000u\000t\000P\000h\000i\000P\000h\000i\000S\000T}{subsection.5.1.2}% 62
\BOOKMARK [3][-]{subsubsection.5.1.2.41}{\376\377\0005\000.\0001\000.\0002\000.\0004\0001\000\040\000O\000u\000t\000P\000h\000i\000P\000h\000i\000S\000T\000F\000N\000M}{subsection.5.1.2}% 63
\BOOKMARK [3][-]{subsubsection.5.1.2.42}{\376\377\0005\000.\0001\000.\0002\000.\0004\0002\000\040\000O\000u\000t\000p\000u\000t\000\137\000G\000\137\000o\000f\000\137\000t}{subsection.5.1.2}% 64
\BOOKMARK [3][-]{subsubsection.5.1.2.43}{\376\377\0005\000.\0001\000.\0002\000.\0004\0003\000\040\000O\000u\000t\000p\000u\000t\000F\000o\000r\000m\000a\000t}{subsection.5.1.2}% 65
\BOOKMARK [3][-]{subsubsection.5.1.2.44}{\376\377\0005\000.\0001\000.\0002\000.\0004\0004\000\040\000O\000u\000t\000T\000e\000r\000m\000R\000e\000l\000a\000x\000F\000N\000M}{subsection.5.1.2}% 66
\BOOKMARK [3][-]{subsubsection.5.1.2.45}{\376\377\0005\000.\0001\000.\0002\000.\0004\0005\000\040\000O\000u\000t\000T\000e\000r\000m\000R\000e\000l\000a\000x\000P\000a\000t\000h\000w\000a\000y\000s}{subsection.5.1.2}% 67
\BOOKMARK [3][-]{subsubsection.5.1.2.46}{\376\377\0005\000.\0001\000.\0002\000.\0004\0006\000\040\000p\000h\000i\000\137\000a\000r}{subsection.5.1.2}% 68
\BOOKMARK [3][-]{subsubsection.5.1.2.47}{\376\377\0005\000.\0001\000.\0002\000.\0004\0007\000\040\000p\000h\000i\000\137\000e\000q}{subsection.5.1.2}% 69
\BOOKMARK [3][-]{subsubsection.5.1.2.48}{\376\377\0005\000.\0001\000.\0002\000.\0004\0008\000\040\000p\000h\000i\000\137\000e\000q\000\137\000i\000n\000d\000x}{subsection.5.1.2}% 70
\BOOKMARK [3][-]{subsubsection.5.1.2.49}{\376\377\0005\000.\0001\000.\0002\000.\0004\0009\000\040\000p\000h\000i\000\137\000r\000e\000p\000t}{subsection.5.1.2}% 71
\BOOKMARK [3][-]{subsubsection.5.1.2.50}{\376\377\0005\000.\0001\000.\0002\000.\0005\0000\000\040\000p\000h\000i\000\137\000S\000T}{subsection.5.1.2}% 72
\BOOKMARK [3][-]{subsubsection.5.1.2.51}{\376\377\0005\000.\0001\000.\0002\000.\0005\0001\000\040\000p\000h\000i\000\137\000S\000T\000\137\0000}{subsection.5.1.2}% 73
\BOOKMARK [3][-]{subsubsection.5.1.2.52}{\376\377\0005\000.\0001\000.\0002\000.\0005\0002\000\040\000p\000h\000i\000\137\000S\000T\000\137\000a\000r}{subsection.5.1.2}% 74
\BOOKMARK [3][-]{subsubsection.5.1.2.53}{\376\377\0005\000.\0001\000.\0002\000.\0005\0003\000\040\000p\000h\000i\000\137\000t\000r\000u\000e}{subsection.5.1.2}% 75
\BOOKMARK [3][-]{subsubsection.5.1.2.54}{\376\377\0005\000.\0001\000.\0002\000.\0005\0004\000\040\000P\000s\000i\000\137\000r\000e\000p\000t}{subsection.5.1.2}% 76
\BOOKMARK [3][-]{subsubsection.5.1.2.55}{\376\377\0005\000.\0001\000.\0002\000.\0005\0005\000\040\000r\000c\000F\000N\000M}{subsection.5.1.2}% 77
\BOOKMARK [3][-]{subsubsection.5.1.2.56}{\376\377\0005\000.\0001\000.\0002\000.\0005\0006\000\040\000R\000e\000l\000S\000p\000e\000c\000F\000N\000M}{subsection.5.1.2}% 78
\BOOKMARK [3][-]{subsubsection.5.1.2.57}{\376\377\0005\000.\0001\000.\0002\000.\0005\0007\000\040\000R\000e\000p\000t\000\137\000S\000w\000i\000t\000c\000h\000\137\000F\000a\000c\000t\000o\000r}{subsection.5.1.2}% 79
\BOOKMARK [3][-]{subsubsection.5.1.2.58}{\376\377\0005\000.\0001\000.\0002\000.\0005\0008\000\040\000r\000e\000p\000t\000a\000t\000e\000\137\000c\000h\000e\000m}{subsection.5.1.2}% 80
\BOOKMARK [3][-]{subsubsection.5.1.2.59}{\376\377\0005\000.\0001\000.\0002\000.\0005\0009\000\040\000r\000e\000p\000t\000a\000t\000e\000\137\000l\000a\000b\000e\000l}{subsection.5.1.2}% 81
\BOOKMARK [3][-]{subsubsection.5.1.2.60}{\376\377\0005\000.\0001\000.\0002\000.\0006\0000\000\040\000r\000e\000p\000t\000a\000t\000e\000\137\000o\000r\000i\000g\000i\000n}{subsection.5.1.2}% 82
\BOOKMARK [3][-]{subsubsection.5.1.2.61}{\376\377\0005\000.\0001\000.\0002\000.\0006\0001\000\040\000r\000e\000p\000t\000a\000t\000e\000\137\000t\000e\000m\000p}{subsection.5.1.2}% 83
\BOOKMARK [3][-]{subsubsection.5.1.2.62}{\376\377\0005\000.\0001\000.\0002\000.\0006\0002\000\040\000r\000e\000t\000\137\000p\000r\000e\000f}{subsection.5.1.2}% 84
\BOOKMARK [3][-]{subsubsection.5.1.2.63}{\376\377\0005\000.\0001\000.\0002\000.\0006\0003\000\040\000r\000e\000t\000\137\000p\000r\000e\000f\000\137\0000}{subsection.5.1.2}% 85
\BOOKMARK [3][-]{subsubsection.5.1.2.64}{\376\377\0005\000.\0001\000.\0002\000.\0006\0004\000\040\000r\000e\000t\000\137\000s\000w\000i\000t\000c\000h\000\137\000e\000x\000p\000o\000n\000e\000n\000t}{subsection.5.1.2}% 86
\BOOKMARK [3][-]{subsubsection.5.1.2.65}{\376\377\0005\000.\0001\000.\0002\000.\0006\0005\000\040\000R\000o\000u\000s\000e\000\137\000S\000w\000i\000t\000c\000h\000\137\000F\000a\000c\000t\000o\000r}{subsection.5.1.2}% 87
\BOOKMARK [3][-]{subsubsection.5.1.2.66}{\376\377\0005\000.\0001\000.\0002\000.\0006\0006\000\040\000R\000o\000u\000s\000e\000\137\000w\000t}{subsection.5.1.2}% 88
\BOOKMARK [3][-]{subsubsection.5.1.2.67}{\376\377\0005\000.\0001\000.\0002\000.\0006\0007\000\040\000S\000T\000\137\000a\000c\000t\000i\000v\000\137\000t\000i\000m\000e}{subsection.5.1.2}% 89
\BOOKMARK [3][-]{subsubsection.5.1.2.68}{\376\377\0005\000.\0001\000.\0002\000.\0006\0008\000\040\000S\000T\000m\000a\000x\000D\000r\000o\000p}{subsection.5.1.2}% 90
\BOOKMARK [3][-]{subsubsection.5.1.2.69}{\376\377\0005\000.\0001\000.\0002\000.\0006\0009\000\040\000s\000u\000p\000e\000r\000t\000u\000b\000e\000\137\000a\000c\000t\000i\000v\000a\000t\000e\000d}{subsection.5.1.2}% 91
\BOOKMARK [3][-]{subsubsection.5.1.2.70}{\376\377\0005\000.\0001\000.\0002\000.\0007\0000\000\040\000S\000y\000s\000\137\000M\000N}{subsection.5.1.2}% 92
\BOOKMARK [3][-]{subsubsection.5.1.2.71}{\376\377\0005\000.\0001\000.\0002\000.\0007\0001\000\040\000S\000y\000s\000\137\000M\000W}{subsection.5.1.2}% 93
\BOOKMARK [3][-]{subsubsection.5.1.2.72}{\376\377\0005\000.\0001\000.\0002\000.\0007\0002\000\040\000S\000y\000s\000\137\000P\000D\000I}{subsection.5.1.2}% 94
\BOOKMARK [3][-]{subsubsection.5.1.2.73}{\376\377\0005\000.\0001\000.\0002\000.\0007\0003\000\040\000t\000\137\000a\000r}{subsection.5.1.2}% 95
\BOOKMARK [3][-]{subsubsection.5.1.2.74}{\376\377\0005\000.\0001\000.\0002\000.\0007\0004\000\040\000t\000\137\000C\000R\000\137\000S\000T\000A\000R\000T}{subsection.5.1.2}% 96
\BOOKMARK [3][-]{subsubsection.5.1.2.75}{\376\377\0005\000.\0001\000.\0002\000.\0007\0005\000\040\000t\000\137\000e\000q\000\137\000a\000r}{subsection.5.1.2}% 97
\BOOKMARK [3][-]{subsubsection.5.1.2.76}{\376\377\0005\000.\0001\000.\0002\000.\0007\0006\000\040\000t\000a\000u\000\137\000e}{subsection.5.1.2}% 98
\BOOKMARK [3][-]{subsubsection.5.1.2.77}{\376\377\0005\000.\0001\000.\0002\000.\0007\0007\000\040\000t\000a\000u\000\137\000g\000l\000a\000s\000s}{subsection.5.1.2}% 99
\BOOKMARK [0][-]{chapter.6}{\376\377\0006\000\040\000C\000l\000a\000s\000s\000\040\000D\000o\000c\000u\000m\000e\000n\000t\000a\000t\000i\000o\000n}{}% 100
\BOOKMARK [1][-]{section.6.1}{\376\377\0006\000.\0001\000\040\000C\000\137\000L\000P\000o\000l\000y\000\040\000C\000l\000a\000s\000s\000\040\000R\000e\000f\000e\000r\000e\000n\000c\000e}{chapter.6}% 101
\BOOKMARK [2][-]{subsection.6.1.1}{\376\377\0006\000.\0001\000.\0001\000\040\000D\000e\000t\000a\000i\000l\000e\000d\000\040\000D\000e\000s\000c\000r\000i\000p\000t\000i\000o\000n}{section.6.1}% 102
\BOOKMARK [2][-]{subsection.6.1.2}{\376\377\0006\000.\0001\000.\0002\000\040\000M\000e\000m\000b\000e\000r\000\040\000D\000a\000t\000a\000\040\000D\000o\000c\000u\000m\000e\000n\000t\000a\000t\000i\000o\000n}{section.6.1}% 103
\BOOKMARK [3][-]{subsubsection.6.1.2.1}{\376\377\0006\000.\0001\000.\0002\000.\0001\000\040\000a\000l\000i\000v\000e}{subsection.6.1.2}% 104
\BOOKMARK [3][-]{subsubsection.6.1.2.2}{\376\377\0006\000.\0001\000.\0002\000.\0002\000\040\000m\000a\000s\000s}{subsection.6.1.2}% 105
\BOOKMARK [3][-]{subsubsection.6.1.2.3}{\376\377\0006\000.\0001\000.\0002\000.\0003\000\040\000p\000\137\000m\000a\000x}{subsection.6.1.2}% 106
\BOOKMARK [3][-]{subsubsection.6.1.2.4}{\376\377\0006\000.\0001\000.\0002\000.\0004\000\040\000p\000\137\000n\000e\000x\000t}{subsection.6.1.2}% 107
\BOOKMARK [3][-]{subsubsection.6.1.2.5}{\376\377\0006\000.\0001\000.\0002\000.\0005\000\040\000r\000e\000l\000a\000x\000\137\000f\000r\000e\000e\000\137\000R\000o\000u\000s\000e}{subsection.6.1.2}% 108
\BOOKMARK [3][-]{subsubsection.6.1.2.6}{\376\377\0006\000.\0001\000.\0002\000.\0006\000\040\000r\000e\000p\000t\000\137\000s\000e\000t}{subsection.6.1.2}% 109
\BOOKMARK [3][-]{subsubsection.6.1.2.7}{\376\377\0006\000.\0001\000.\0002\000.\0007\000\040\000r\000e\000p\000t\000\137\000w\000t}{subsection.6.1.2}% 110
\BOOKMARK [3][-]{subsubsection.6.1.2.8}{\376\377\0006\000.\0001\000.\0002\000.\0008\000\040\000t\000\137\000F\000R\000o\000u\000s\000e}{subsection.6.1.2}% 111
\BOOKMARK [3][-]{subsubsection.6.1.2.9}{\376\377\0006\000.\0001\000.\0002\000.\0009\000\040\000t\000a\000u\000\137\000d\000\137\0000}{subsection.6.1.2}% 112
\BOOKMARK [3][-]{subsubsection.6.1.2.10}{\376\377\0006\000.\0001\000.\0002\000.\0001\0000\000\040\000w\000t}{subsection.6.1.2}% 113
\BOOKMARK [3][-]{subsubsection.6.1.2.11}{\376\377\0006\000.\0001\000.\0002\000.\0001\0001\000\040\000z}{subsection.6.1.2}% 114
\BOOKMARK [3][-]{subsubsection.6.1.2.12}{\376\377\0006\000.\0001\000.\0002\000.\0001\0002\000\040\000Z\000\137\000c\000h\000a\000i\000n}{subsection.6.1.2}% 115
\BOOKMARK [3][-]{subsubsection.6.1.2.13}{\376\377\0006\000.\0001\000.\0002\000.\0001\0003\000\040\000Z\000\137\000r\000e\000p\000t}{subsection.6.1.2}% 116
\BOOKMARK [1][-]{section.6.2}{\376\377\0006\000.\0002\000\040\000I\000n\000v\000S\000q\000S\000u\000m\000\040\000C\000l\000a\000s\000s\000\040\000R\000e\000f\000e\000r\000e\000n\000c\000e}{chapter.6}% 117
\BOOKMARK [2][-]{subsection.6.2.1}{\376\377\0006\000.\0002\000.\0001\000\040\000D\000e\000t\000a\000i\000l\000e\000d\000\040\000D\000e\000s\000c\000r\000i\000p\000t\000i\000o\000n}{section.6.2}% 118
\BOOKMARK [0][-]{chapter.7}{\376\377\0007\000\040\000F\000i\000l\000e\000\040\000D\000o\000c\000u\000m\000e\000n\000t\000a\000t\000i\000o\000n}{}% 119
\BOOKMARK [1][-]{section.7.1}{\376\377\0007\000.\0001\000\040\000i\000n\000c\000l\000u\000d\000e\000/\000L\000P\0002\000R\000.\000h\000\040\000F\000i\000l\000e\000\040\000R\000e\000f\000e\000r\000e\000n\000c\000e}{chapter.7}% 120
\BOOKMARK [2][-]{subsection.7.1.1}{\376\377\0007\000.\0001\000.\0001\000\040\000D\000e\000t\000a\000i\000l\000e\000d\000\040\000D\000e\000s\000c\000r\000i\000p\000t\000i\000o\000n}{section.7.1}% 121
\BOOKMARK [1][-]{section.7.2}{\376\377\0007\000.\0002\000\040\000L\000P\0002\000R\000.\000h}{chapter.7}% 122
\BOOKMARK [1][-]{section.7.3}{\376\377\0007\000.\0003\000\040\000L\000P\0002\000R\000\137\000g\000l\000o\000b\000a\000l\000.\000h}{chapter.7}% 123
\BOOKMARK [1][-]{section.7.4}{\376\377\0007\000.\0004\000\040\000i\000n\000c\000l\000u\000d\000e\000/\000L\000P\0002\000R\000\137\000N\000S\000.\000h\000\040\000F\000i\000l\000e\000\040\000R\000e\000f\000e\000r\000e\000n\000c\000e}{chapter.7}% 124
\BOOKMARK [2][-]{subsection.7.4.1}{\376\377\0007\000.\0004\000.\0001\000\040\000D\000e\000t\000a\000i\000l\000e\000d\000\040\000D\000e\000s\000c\000r\000i\000p\000t\000i\000o\000n}{section.7.4}% 125
\BOOKMARK [1][-]{section.7.5}{\376\377\0007\000.\0005\000\040\000L\000P\0002\000R\000\137\000N\000S\000.\000h}{chapter.7}% 126
\BOOKMARK [1][-]{section.7.6}{\376\377\0007\000.\0006\000\040\000r\000o\000u\000t\000i\000n\000e\000s\000.\000h}{chapter.7}% 127
\BOOKMARK [1][-]{section.7.7}{\376\377\0007\000.\0007\000\040\000m\000a\000i\000n\000/\000L\000i\000n\000P\000o\000l\000y\0002\000R\000h\000e\000o\000.\000c\000p\000p\000\040\000F\000i\000l\000e\000\040\000R\000e\000f\000e\000r\000e\000n\000c\000e}{chapter.7}% 128
\BOOKMARK [2][-]{subsection.7.7.1}{\376\377\0007\000.\0007\000.\0001\000\040\000D\000e\000t\000a\000i\000l\000e\000d\000\040\000D\000e\000s\000c\000r\000i\000p\000t\000i\000o\000n}{section.7.7}% 129
\BOOKMARK [1][-]{section.7.8}{\376\377\0007\000.\0008\000\040\000m\000a\000i\000n\000/\000p\000a\000r\000s\000e\000\137\000a\000r\000g\000.\000c\000p\000p\000\040\000F\000i\000l\000e\000\040\000R\000e\000f\000e\000r\000e\000n\000c\000e}{chapter.7}% 130
\BOOKMARK [2][-]{subsection.7.8.1}{\376\377\0007\000.\0008\000.\0001\000\040\000D\000e\000t\000a\000i\000l\000e\000d\000\040\000D\000e\000s\000c\000r\000i\000p\000t\000i\000o\000n}{section.7.8}% 131
\BOOKMARK [2][-]{subsection.7.8.2}{\376\377\0007\000.\0008\000.\0002\000\040\000F\000u\000n\000c\000t\000i\000o\000n\000\040\000D\000o\000c\000u\000m\000e\000n\000t\000a\000t\000i\000o\000n}{section.7.8}% 132
\BOOKMARK [3][-]{subsubsection.7.8.2.1}{\376\377\0007\000.\0008\000.\0002\000.\0001\000\040\000p\000a\000r\000s\000e\000\137\000a\000r\000g\000\050\000\051}{subsection.7.8.2}% 133
\BOOKMARK [1][-]{section.7.9}{\376\377\0007\000.\0009\000\040\000m\000a\000i\000n\000p\000a\000g\000e\000.\000h}{chapter.7}% 134
\BOOKMARK [1][-]{section.7.10}{\376\377\0007\000.\0001\0000\000\040\000p\000r\000e\000p\000/\000a\000s\000s\000i\000g\000n\000\137\000F\000N\000M\000s\000.\000c\000p\000p\000\040\000F\000i\000l\000e\000\040\000R\000e\000f\000e\000r\000e\000n\000c\000e}{chapter.7}% 135
\BOOKMARK [2][-]{subsection.7.10.1}{\376\377\0007\000.\0001\0000\000.\0001\000\040\000D\000e\000t\000a\000i\000l\000e\000d\000\040\000D\000e\000s\000c\000r\000i\000p\000t\000i\000o\000n}{section.7.10}% 136
\BOOKMARK [1][-]{section.7.11}{\376\377\0007\000.\0001\0001\000\040\000p\000r\000e\000p\000/\000G\000e\000n\000L\000i\000n\000G\000P\000C\000.\000c\000p\000p\000\040\000F\000i\000l\000e\000\040\000R\000e\000f\000e\000r\000e\000n\000c\000e}{chapter.7}% 137
\BOOKMARK [2][-]{subsection.7.11.1}{\376\377\0007\000.\0001\0001\000.\0001\000\040\000D\000e\000t\000a\000i\000l\000e\000d\000\040\000D\000e\000s\000c\000r\000i\000p\000t\000i\000o\000n}{section.7.11}% 138
\BOOKMARK [2][-]{subsection.7.11.2}{\376\377\0007\000.\0001\0001\000.\0002\000\040\000F\000u\000n\000c\000t\000i\000o\000n\000\040\000D\000o\000c\000u\000m\000e\000n\000t\000a\000t\000i\000o\000n}{section.7.11}% 139
\BOOKMARK [3][-]{subsubsection.7.11.2.1}{\376\377\0007\000.\0001\0001\000.\0002\000.\0001\000\040\000a\000a\000\137\000s\000o\000r\000t\0002\000\137\000m\000i\000n\000m\000a\000x\000\050\000\051}{subsection.7.11.2}% 140
\BOOKMARK [3][-]{subsubsection.7.11.2.2}{\376\377\0007\000.\0001\0001\000.\0002\000.\0002\000\040\000G\000e\000n\000L\000i\000n\000G\000P\000C\000\050\000\051}{subsection.7.11.2}% 141
\BOOKMARK [1][-]{section.7.12}{\376\377\0007\000.\0001\0002\000\040\000p\000r\000e\000p\000/\000G\000e\000n\000L\000i\000n\000L\000o\000g\000N\000o\000r\000m\000a\000l\000.\000c\000p\000p\000\040\000F\000i\000l\000e\000\040\000R\000e\000f\000e\000r\000e\000n\000c\000e}{chapter.7}% 142
\BOOKMARK [2][-]{subsection.7.12.1}{\376\377\0007\000.\0001\0002\000.\0001\000\040\000D\000e\000t\000a\000i\000l\000e\000d\000\040\000D\000e\000s\000c\000r\000i\000p\000t\000i\000o\000n}{section.7.12}% 143
\BOOKMARK [2][-]{subsection.7.12.2}{\376\377\0007\000.\0001\0002\000.\0002\000\040\000F\000u\000n\000c\000t\000i\000o\000n\000\040\000D\000o\000c\000u\000m\000e\000n\000t\000a\000t\000i\000o\000n}{section.7.12}% 144
\BOOKMARK [3][-]{subsubsection.7.12.2.1}{\376\377\0007\000.\0001\0002\000.\0002\000.\0001\000\040\000a\000a\000e\000r\000f\000c\000c\000\050\000\051}{subsection.7.12.2}% 145
\BOOKMARK [3][-]{subsubsection.7.12.2.2}{\376\377\0007\000.\0001\0002\000.\0002\000.\0002\000\040\000G\000e\000n\000L\000i\000n\000L\000o\000g\000N\000o\000r\000m\000a\000l\000\050\000\051}{subsection.7.12.2}% 146
\BOOKMARK [3][-]{subsubsection.7.12.2.3}{\376\377\0007\000.\0001\0002\000.\0002\000.\0003\000\040\000L\000o\000g\000N\000o\000r\000m\000a\000l\000W\000t\000\050\000\051}{subsection.7.12.2}% 147
\BOOKMARK [1][-]{section.7.13}{\376\377\0007\000.\0001\0003\000\040\000p\000r\000e\000p\000/\000G\000e\000n\000L\000i\000n\000W\000t\000.\000c\000p\000p\000\040\000F\000i\000l\000e\000\040\000R\000e\000f\000e\000r\000e\000n\000c\000e}{chapter.7}% 148
\BOOKMARK [2][-]{subsection.7.13.1}{\376\377\0007\000.\0001\0003\000.\0001\000\040\000D\000e\000t\000a\000i\000l\000e\000d\000\040\000D\000e\000s\000c\000r\000i\000p\000t\000i\000o\000n}{section.7.13}% 149
\BOOKMARK [1][-]{section.7.14}{\376\377\0007\000.\0001\0004\000\040\000p\000r\000e\000p\000/\000g\000e\000n\000P\000o\000l\000y\000L\000i\000n\000.\000c\000p\000p\000\040\000F\000i\000l\000e\000\040\000R\000e\000f\000e\000r\000e\000n\000c\000e}{chapter.7}% 150
\BOOKMARK [2][-]{subsection.7.14.1}{\376\377\0007\000.\0001\0004\000.\0001\000\040\000D\000e\000t\000a\000i\000l\000e\000d\000\040\000D\000e\000s\000c\000r\000i\000p\000t\000i\000o\000n}{section.7.14}% 151
\BOOKMARK [2][-]{subsection.7.14.2}{\376\377\0007\000.\0001\0004\000.\0002\000\040\000F\000u\000n\000c\000t\000i\000o\000n\000\040\000D\000o\000c\000u\000m\000e\000n\000t\000a\000t\000i\000o\000n}{section.7.14}% 152
\BOOKMARK [3][-]{subsubsection.7.14.2.1}{\376\377\0007\000.\0001\0004\000.\0002\000.\0001\000\040\000g\000e\000n\000P\000o\000l\000y\000L\000i\000n\000\050\000\051}{subsection.7.14.2}% 153
\BOOKMARK [1][-]{section.7.15}{\376\377\0007\000.\0001\0005\000\040\000p\000r\000e\000p\000/\000M\000o\000d\000e\000l\000P\000a\000r\000a\000m\000s\000.\000c\000p\000p\000\040\000F\000i\000l\000e\000\040\000R\000e\000f\000e\000r\000e\000n\000c\000e}{chapter.7}% 154
\BOOKMARK [2][-]{subsection.7.15.1}{\376\377\0007\000.\0001\0005\000.\0001\000\040\000D\000e\000t\000a\000i\000l\000e\000d\000\040\000D\000e\000s\000c\000r\000i\000p\000t\000i\000o\000n}{section.7.15}% 155
\BOOKMARK [1][-]{section.7.16}{\376\377\0007\000.\0001\0006\000\040\000p\000r\000e\000p\000/\000R\000e\000a\000d\000I\000n\000p\000u\000t\000.\000c\000p\000p\000\040\000F\000i\000l\000e\000\040\000R\000e\000f\000e\000r\000e\000n\000c\000e}{chapter.7}% 156
\BOOKMARK [2][-]{subsection.7.16.1}{\376\377\0007\000.\0001\0006\000.\0001\000\040\000D\000e\000t\000a\000i\000l\000e\000d\000\040\000D\000e\000s\000c\000r\000i\000p\000t\000i\000o\000n}{section.7.16}% 157
\BOOKMARK [1][-]{section.7.17}{\376\377\0007\000.\0001\0007\000\040\000p\000r\000e\000p\000/\000R\000e\000a\000d\000R\000C\000F\000L\000.\000c\000p\000p\000\040\000F\000i\000l\000e\000\040\000R\000e\000f\000e\000r\000e\000n\000c\000e}{chapter.7}% 158
\BOOKMARK [2][-]{subsection.7.17.1}{\376\377\0007\000.\0001\0007\000.\0001\000\040\000D\000e\000t\000a\000i\000l\000e\000d\000\040\000D\000e\000s\000c\000r\000i\000p\000t\000i\000o\000n}{section.7.17}% 159
\BOOKMARK [2][-]{subsection.7.17.2}{\376\377\0007\000.\0001\0007\000.\0002\000\040\000F\000u\000n\000c\000t\000i\000o\000n\000\040\000D\000o\000c\000u\000m\000e\000n\000t\000a\000t\000i\000o\000n}{section.7.17}% 160
\BOOKMARK [3][-]{subsubsection.7.17.2.1}{\376\377\0007\000.\0001\0007\000.\0002\000.\0001\000\040\000a\000s\000s\000i\000g\000n\000\137\000R\000C\000\137\000d\000b\000l\000\050\000\051}{subsection.7.17.2}% 161
\BOOKMARK [3][-]{subsubsection.7.17.2.2}{\376\377\0007\000.\0001\0007\000.\0002\000.\0002\000\040\000a\000s\000s\000i\000g\000n\000\137\000R\000H\000S\000\137\000b\000o\000o\000l\000\050\000\051}{subsection.7.17.2}% 162
\BOOKMARK [3][-]{subsubsection.7.17.2.3}{\376\377\0007\000.\0001\0007\000.\0002\000.\0003\000\040\000R\000e\000a\000d\000R\000C\000F\000L\000\050\000\051}{subsection.7.17.2}% 163
\BOOKMARK [1][-]{section.7.18}{\376\377\0007\000.\0001\0008\000\040\000R\000e\000l\000a\000x\000/\000a\000r\000m\000\137\000r\000e\000t\000r\000a\000c\000t\000i\000o\000n\000.\000c\000p\000p\000\040\000F\000i\000l\000e\000\040\000R\000e\000f\000e\000r\000e\000n\000c\000e}{chapter.7}% 164
\BOOKMARK [2][-]{subsection.7.18.1}{\376\377\0007\000.\0001\0008\000.\0001\000\040\000D\000e\000t\000a\000i\000l\000e\000d\000\040\000D\000e\000s\000c\000r\000i\000p\000t\000i\000o\000n}{section.7.18}% 165
\BOOKMARK [1][-]{section.7.19}{\376\377\0007\000.\0001\0009\000\040\000R\000e\000l\000a\000x\000/\000f\000r\000a\000c\000\137\000u\000n\000r\000e\000l\000a\000x\000e\000d\000.\000c\000p\000p\000\040\000F\000i\000l\000e\000\040\000R\000e\000f\000e\000r\000e\000n\000c\000e}{chapter.7}% 166
\BOOKMARK [2][-]{subsection.7.19.1}{\376\377\0007\000.\0001\0009\000.\0001\000\040\000D\000e\000t\000a\000i\000l\000e\000d\000\040\000D\000e\000s\000c\000r\000i\000p\000t\000i\000o\000n}{section.7.19}% 167
\BOOKMARK [1][-]{section.7.20}{\376\377\0007\000.\0002\0000\000\040\000R\000e\000l\000a\000x\000/\000G\000e\000t\000P\000h\000i\000E\000q\000.\000c\000p\000p\000\040\000F\000i\000l\000e\000\040\000R\000e\000f\000e\000r\000e\000n\000c\000e}{chapter.7}% 168
\BOOKMARK [2][-]{subsection.7.20.1}{\376\377\0007\000.\0002\0000\000.\0001\000\040\000D\000e\000t\000a\000i\000l\000e\000d\000\040\000D\000e\000s\000c\000r\000i\000p\000t\000i\000o\000n}{section.7.20}% 169
\BOOKMARK [1][-]{section.7.21}{\376\377\0007\000.\0002\0001\000\040\000R\000e\000l\000a\000x\000/\000t\000i\000m\000e\000\137\000s\000t\000e\000p\000.\000c\000p\000p\000\040\000F\000i\000l\000e\000\040\000R\000e\000f\000e\000r\000e\000n\000c\000e}{chapter.7}% 170
\BOOKMARK [2][-]{subsection.7.21.1}{\376\377\0007\000.\0002\0001\000.\0001\000\040\000D\000e\000t\000a\000i\000l\000e\000d\000\040\000D\000e\000s\000c\000r\000i\000p\000t\000i\000o\000n}{section.7.21}% 171
\BOOKMARK [1][-]{section.7.22}{\376\377\0007\000.\0002\0002\000\040\000R\000e\000l\000a\000x\000/\000t\000r\000y\000\137\000r\000e\000p\000t\000a\000t\000e\000.\000c\000p\000p\000\040\000F\000i\000l\000e\000\040\000R\000e\000f\000e\000r\000e\000n\000c\000e}{chapter.7}% 172
\BOOKMARK [2][-]{subsection.7.22.1}{\376\377\0007\000.\0002\0002\000.\0001\000\040\000D\000e\000t\000a\000i\000l\000e\000d\000\040\000D\000e\000s\000c\000r\000i\000p\000t\000i\000o\000n}{section.7.22}% 173
\BOOKMARK [1][-]{section.7.23}{\376\377\0007\000.\0002\0003\000\040\000R\000h\000e\000o\000l\000o\000g\000y\000/\000a\000d\000d\000\137\000g\000o\000f\000t\000\137\000h\000e\000a\000d\000e\000r\000s\000.\000c\000p\000p\000\040\000F\000i\000l\000e\000\040\000R\000e\000f\000e\000r\000e\000n\000c\000e}{chapter.7}% 174
\BOOKMARK [2][-]{subsection.7.23.1}{\376\377\0007\000.\0002\0003\000.\0001\000\040\000D\000e\000t\000a\000i\000l\000e\000d\000\040\000D\000e\000s\000c\000r\000i\000p\000t\000i\000o\000n}{section.7.23}% 175
\BOOKMARK [1][-]{section.7.24}{\376\377\0007\000.\0002\0004\000\040\000R\000h\000e\000o\000l\000o\000g\000y\000/\000C\000a\000l\000c\000\137\000g\000o\000f\000t\000.\000c\000p\000p\000\040\000F\000i\000l\000e\000\040\000R\000e\000f\000e\000r\000e\000n\000c\000e}{chapter.7}% 176
\BOOKMARK [2][-]{subsection.7.24.1}{\376\377\0007\000.\0002\0004\000.\0001\000\040\000D\000e\000t\000a\000i\000l\000e\000d\000\040\000D\000e\000s\000c\000r\000i\000p\000t\000i\000o\000n}{section.7.24}% 177
\BOOKMARK [1][-]{section.7.25}{\376\377\0007\000.\0002\0005\000\040\000R\000h\000e\000o\000l\000o\000g\000y\000/\000C\000a\000l\000c\000G\000s\000t\000a\000r\000.\000c\000p\000p\000\040\000F\000i\000l\000e\000\040\000R\000e\000f\000e\000r\000e\000n\000c\000e}{chapter.7}% 178
\BOOKMARK [2][-]{subsection.7.25.1}{\376\377\0007\000.\0002\0005\000.\0001\000\040\000D\000e\000t\000a\000i\000l\000e\000d\000\040\000D\000e\000s\000c\000r\000i\000p\000t\000i\000o\000n}{section.7.25}% 179
\BOOKMARK [1][-]{section.7.26}{\376\377\0007\000.\0002\0006\000\040\000R\000h\000e\000o\000l\000o\000g\000y\000/\000C\000a\000l\000c\000V\000i\000s\000c\000.\000c\000p\000p\000\040\000F\000i\000l\000e\000\040\000R\000e\000f\000e\000r\000e\000n\000c\000e}{chapter.7}% 180
\BOOKMARK [2][-]{subsection.7.26.1}{\376\377\0007\000.\0002\0006\000.\0001\000\040\000D\000e\000t\000a\000i\000l\000e\000d\000\040\000D\000e\000s\000c\000r\000i\000p\000t\000i\000o\000n}{section.7.26}% 181
\BOOKMARK [2][-]{subsection.7.26.2}{\376\377\0007\000.\0002\0006\000.\0002\000\040\000F\000u\000n\000c\000t\000i\000o\000n\000\040\000D\000o\000c\000u\000m\000e\000n\000t\000a\000t\000i\000o\000n}{section.7.26}% 182
\BOOKMARK [3][-]{subsubsection.7.26.2.1}{\376\377\0007\000.\0002\0006\000.\0002\000.\0001\000\040\000C\000a\000l\000c\000V\000i\000s\000c\000\050\000\051}{subsection.7.26.2}% 183
\BOOKMARK [3][-]{subsubsection.7.26.2.2}{\376\377\0007\000.\0002\0006\000.\0002\000.\0002\000\040\000v\000i\000s\000c\000R\000o\000u\000s\000e\000M\000o\000d\000e\000s\000\050\000\051}{subsection.7.26.2}% 184
\BOOKMARK [1][-]{section.7.27}{\376\377\0007\000.\0002\0007\000\040\000R\000h\000e\000o\000l\000o\000g\000y\000/\000G\000o\000f\000t\000F\000a\000s\000t\000.\000c\000p\000p\000\040\000F\000i\000l\000e\000\040\000R\000e\000f\000e\000r\000e\000n\000c\000e}{chapter.7}% 185
\BOOKMARK [2][-]{subsection.7.27.1}{\376\377\0007\000.\0002\0007\000.\0001\000\040\000D\000e\000t\000a\000i\000l\000e\000d\000\040\000D\000e\000s\000c\000r\000i\000p\000t\000i\000o\000n}{section.7.27}% 186
\BOOKMARK [1][-]{section.7.28}{\376\377\0007\000.\0002\0008\000\040\000R\000h\000e\000o\000l\000o\000g\000y\000/\000G\000o\000f\000t\000R\000o\000u\000s\000e\000.\000c\000p\000p\000\040\000F\000i\000l\000e\000\040\000R\000e\000f\000e\000r\000e\000n\000c\000e}{chapter.7}% 187
\BOOKMARK [2][-]{subsection.7.28.1}{\376\377\0007\000.\0002\0008\000.\0001\000\040\000D\000e\000t\000a\000i\000l\000e\000d\000\040\000D\000e\000s\000c\000r\000i\000p\000t\000i\000o\000n}{section.7.28}% 188
\BOOKMARK [1][-]{section.7.29}{\376\377\0007\000.\0002\0009\000\040\000R\000h\000e\000o\000l\000o\000g\000y\000/\000G\000o\000f\000t\000T\000u\000b\000e\000.\000c\000p\000p\000\040\000F\000i\000l\000e\000\040\000R\000e\000f\000e\000r\000e\000n\000c\000e}{chapter.7}% 189
\BOOKMARK [2][-]{subsection.7.29.1}{\376\377\0007\000.\0002\0009\000.\0001\000\040\000D\000e\000t\000a\000i\000l\000e\000d\000\040\000D\000e\000s\000c\000r\000i\000p\000t\000i\000o\000n}{section.7.29}% 190
\BOOKMARK [1][-]{section.7.30}{\376\377\0007\000.\0003\0000\000\040\000R\000h\000e\000o\000l\000o\000g\000y\000/\000G\000S\000t\000a\000r\000F\000a\000s\000t\000R\000o\000u\000s\000e\000.\000c\000p\000p\000\040\000F\000i\000l\000e\000\040\000R\000e\000f\000e\000r\000e\000n\000c\000e}{chapter.7}% 191
\BOOKMARK [2][-]{subsection.7.30.1}{\376\377\0007\000.\0003\0000\000.\0001\000\040\000D\000e\000t\000a\000i\000l\000e\000d\000\040\000D\000e\000s\000c\000r\000i\000p\000t\000i\000o\000n}{section.7.30}% 192
\BOOKMARK [1][-]{section.7.31}{\376\377\0007\000.\0003\0001\000\040\000R\000h\000e\000o\000l\000o\000g\000y\000/\000G\000S\000t\000a\000r\000G\000l\000a\000s\000s\000.\000c\000p\000p\000\040\000F\000i\000l\000e\000\040\000R\000e\000f\000e\000r\000e\000n\000c\000e}{chapter.7}% 193
\BOOKMARK [2][-]{subsection.7.31.1}{\376\377\0007\000.\0003\0001\000.\0001\000\040\000D\000e\000t\000a\000i\000l\000e\000d\000\040\000D\000e\000s\000c\000r\000i\000p\000t\000i\000o\000n}{section.7.31}% 194
\BOOKMARK [2][-]{subsection.7.31.2}{\376\377\0007\000.\0003\0001\000.\0002\000\040\000F\000u\000n\000c\000t\000i\000o\000n\000\040\000D\000o\000c\000u\000m\000e\000n\000t\000a\000t\000i\000o\000n}{section.7.31}% 195
\BOOKMARK [3][-]{subsubsection.7.31.2.1}{\376\377\0007\000.\0003\0001\000.\0002\000.\0001\000\040\000G\000S\000t\000a\000r\000G\000l\000a\000s\000s\000\050\000\051}{subsection.7.31.2}% 196
\BOOKMARK [1][-]{section.7.32}{\376\377\0007\000.\0003\0002\000\040\000R\000h\000e\000o\000l\000o\000g\000y\000/\000G\000S\000t\000a\000r\000R\000o\000u\000s\000e\000.\000c\000p\000p\000\040\000F\000i\000l\000e\000\040\000R\000e\000f\000e\000r\000e\000n\000c\000e}{chapter.7}% 197
\BOOKMARK [2][-]{subsection.7.32.1}{\376\377\0007\000.\0003\0002\000.\0001\000\040\000D\000e\000t\000a\000i\000l\000e\000d\000\040\000D\000e\000s\000c\000r\000i\000p\000t\000i\000o\000n}{section.7.32}% 198
\BOOKMARK [1][-]{section.7.33}{\376\377\0007\000.\0003\0003\000\040\000R\000h\000e\000o\000l\000o\000g\000y\000/\000G\000S\000t\000a\000r\000S\000l\000o\000w\000.\000c\000p\000p\000\040\000F\000i\000l\000e\000\040\000R\000e\000f\000e\000r\000e\000n\000c\000e}{chapter.7}% 199
\BOOKMARK [2][-]{subsection.7.33.1}{\376\377\0007\000.\0003\0003\000.\0001\000\040\000D\000e\000t\000a\000i\000l\000e\000d\000\040\000D\000e\000s\000c\000r\000i\000p\000t\000i\000o\000n}{section.7.33}% 200
\BOOKMARK [2][-]{subsection.7.33.2}{\376\377\0007\000.\0003\0003\000.\0002\000\040\000F\000u\000n\000c\000t\000i\000o\000n\000\040\000D\000o\000c\000u\000m\000e\000n\000t\000a\000t\000i\000o\000n}{section.7.33}% 201
\BOOKMARK [3][-]{subsubsection.7.33.2.1}{\376\377\0007\000.\0003\0003\000.\0002\000.\0001\000\040\000G\000S\000t\000a\000r\000S\000l\000o\000w\000\050\000\051}{subsection.7.33.2}% 202
\BOOKMARK [3][-]{subsubsection.7.33.2.2}{\376\377\0007\000.\0003\0003\000.\0002\000.\0002\000\040\000s\000y\000m\000b\000i\000n\000t\000\050\000\051}{subsection.7.33.2}% 203
\BOOKMARK [1][-]{section.7.34}{\376\377\0007\000.\0003\0004\000\040\000R\000h\000e\000o\000l\000o\000g\000y\000/\000L\000i\000n\000R\000h\000e\000o\000l\000o\000g\000y\000.\000c\000p\000p\000\040\000F\000i\000l\000e\000\040\000R\000e\000f\000e\000r\000e\000n\000c\000e}{chapter.7}% 204
\BOOKMARK [2][-]{subsection.7.34.1}{\376\377\0007\000.\0003\0004\000.\0001\000\040\000D\000e\000t\000a\000i\000l\000e\000d\000\040\000D\000e\000s\000c\000r\000i\000p\000t\000i\000o\000n}{section.7.34}% 205
\BOOKMARK [1][-]{section.7.35}{\376\377\0007\000.\0003\0005\000\040\000R\000h\000e\000o\000l\000o\000g\000y\000/\000R\000e\000p\000T\000a\000t\000e\000O\000u\000t\000.\000c\000p\000p\000\040\000F\000i\000l\000e\000\040\000R\000e\000f\000e\000r\000e\000n\000c\000e}{chapter.7}% 206
\BOOKMARK [2][-]{subsection.7.35.1}{\376\377\0007\000.\0003\0005\000.\0001\000\040\000D\000e\000t\000a\000i\000l\000e\000d\000\040\000D\000e\000s\000c\000r\000i\000p\000t\000i\000o\000n}{section.7.35}% 207
\BOOKMARK [2][-]{subsection.7.35.2}{\376\377\0007\000.\0003\0005\000.\0002\000\040\000F\000u\000n\000c\000t\000i\000o\000n\000\040\000D\000o\000c\000u\000m\000e\000n\000t\000a\000t\000i\000o\000n}{section.7.35}% 208
\BOOKMARK [3][-]{subsubsection.7.35.2.1}{\376\377\0007\000.\0003\0005\000.\0002\000.\0001\000\040\000C\000S\000V\000O\000p\000e\000n\000\050\000\051}{subsection.7.35.2}% 209
\BOOKMARK [3][-]{subsubsection.7.35.2.2}{\376\377\0007\000.\0003\0005\000.\0002\000.\0002\000\040\000C\000S\000V\000W\000r\000i\000t\000e\000\050\000\051}{subsection.7.35.2}% 210
\BOOKMARK [3][-]{subsubsection.7.35.2.3}{\376\377\0007\000.\0003\0005\000.\0002\000.\0003\000\040\000R\000e\000p\000T\000a\000t\000e\000O\000p\000e\000n\000\050\000\051}{subsection.7.35.2}% 211
\BOOKMARK [3][-]{subsubsection.7.35.2.4}{\376\377\0007\000.\0003\0005\000.\0002\000.\0004\000\040\000R\000e\000p\000T\000a\000t\000e\000W\000r\000i\000t\000e\000\050\000\051}{subsection.7.35.2}% 212
\BOOKMARK [1][-]{section.7.36}{\376\377\0007\000.\0003\0006\000\040\000u\000t\000i\000l\000/\000s\000a\000f\000e\000G\000e\000t\000L\000i\000n\000e\000.\000c\000p\000p\000\040\000F\000i\000l\000e\000\040\000R\000e\000f\000e\000r\000e\000n\000c\000e}{chapter.7}% 213
\BOOKMARK [2][-]{subsection.7.36.1}{\376\377\0007\000.\0003\0006\000.\0001\000\040\000D\000e\000t\000a\000i\000l\000e\000d\000\040\000D\000e\000s\000c\000r\000i\000p\000t\000i\000o\000n}{section.7.36}% 214
\BOOKMARK [2][-]{subsection.7.36.2}{\376\377\0007\000.\0003\0006\000.\0002\000\040\000F\000u\000n\000c\000t\000i\000o\000n\000\040\000D\000o\000c\000u\000m\000e\000n\000t\000a\000t\000i\000o\000n}{section.7.36}% 215
\BOOKMARK [3][-]{subsubsection.7.36.2.1}{\376\377\0007\000.\0003\0006\000.\0002\000.\0001\000\040\000r\000e\000a\000d\000E\000q\000u\000a\000l\000i\000t\000y\000\050\000\051}{subsection.7.36.2}% 216
\BOOKMARK [3][-]{subsubsection.7.36.2.2}{\376\377\0007\000.\0003\0006\000.\0002\000.\0002\000\040\000s\000a\000f\000e\000G\000e\000t\000l\000i\000n\000e\000\050\000\051}{subsection.7.36.2}% 217
\BOOKMARK [3][-]{subsubsection.7.36.2.3}{\376\377\0007\000.\0003\0006\000.\0002\000.\0003\000\040\000s\000a\000f\000e\000G\000e\000t\000l\000i\000n\000e\000\137\000i\000n\000t\000\050\000\051}{subsection.7.36.2}% 218
\BOOKMARK [0][-]{section*.37}{\376\377\000I\000n\000d\000e\000x}{}% 219
